Using pre-set license
Built from '6000.1/staging' branch; Version is '6000.1.1f1 (7197418f847b) revision 7444289'; Using compiler version '194234433'; Build Type 'Release'
OS: 'Windows 11  (10.0.22631) 64bit Professional' Language: 'en' Physical Memory: 8067 MB
BatchMode: 1, IsHumanControllingUs: 0, StartBugReporterOnCrash: 0, Is64bit: 1, IsPro: 1
Date: 2025-05-07T12:47:41Z

COMMAND LINE ARGUMENTS:
C:\Program Files\Unity\Hub\Editor\6000.1.1f1\Editor\Unity.exe
-adb2
-batchMode
-noUpm
-name
AssetImportWorker0
-projectPath
C:/Users/ACER/Documents/UnityProjects/campus-game/CampusGame
-logFile
Logs/AssetImportWorker0.log
-srvPort
50165
-job-worker-count
1
-background-job-worker-count
8
-gc-helper-count
1
-name
AssetImport
Successfully changed project path to: C:/Users/ACER/Documents/UnityProjects/campus-game/CampusGame
C:/Users/ACER/Documents/UnityProjects/campus-game/CampusGame
[UnityMemory] Configuration Parameters - Can be set up in boot.config
    "memorysetup-allocator-temp-initial-block-size-main=262144"
    "memorysetup-allocator-temp-initial-block-size-worker=262144"
    "memorysetup-bucket-allocator-granularity=16"
    "memorysetup-bucket-allocator-bucket-count=8"
    "memorysetup-bucket-allocator-block-size=33554432"
    "memorysetup-bucket-allocator-block-count=8"
    "memorysetup-main-allocator-block-size=16777216"
    "memorysetup-thread-allocator-block-size=16777216"
    "memorysetup-gfx-main-allocator-block-size=16777216"
    "memorysetup-gfx-thread-allocator-block-size=16777216"
    "memorysetup-cache-allocator-block-size=4194304"
    "memorysetup-typetree-allocator-block-size=2097152"
    "memorysetup-profiler-bucket-allocator-granularity=16"
    "memorysetup-profiler-bucket-allocator-bucket-count=8"
    "memorysetup-profiler-bucket-allocator-block-size=33554432"
    "memorysetup-profiler-bucket-allocator-block-count=8"
    "memorysetup-profiler-allocator-block-size=16777216"
    "memorysetup-profiler-editor-allocator-block-size=1048576"
    "memorysetup-temp-allocator-size-main=16777216"
    "memorysetup-job-temp-allocator-block-size=2097152"
    "memorysetup-job-temp-allocator-block-size-background=1048576"
    "memorysetup-job-temp-allocator-reduction-small-platforms=262144"
    "memorysetup-temp-allocator-size-background-worker=32768"
    "memorysetup-temp-allocator-size-job-worker=262144"
    "memorysetup-temp-allocator-size-preload-manager=33554432"
    "memorysetup-temp-allocator-size-nav-mesh-worker=65536"
    "memorysetup-temp-allocator-size-audio-worker=65536"
    "memorysetup-temp-allocator-size-cloud-worker=32768"
    "memorysetup-temp-allocator-size-gi-baking-worker=262144"
    "memorysetup-temp-allocator-size-gi-baking-worker=262144"
    "memorysetup-temp-allocator-size-gi-baking-worker=262144"
    "memorysetup-temp-allocator-size-gi-baking-worker=262144"
    "memorysetup-temp-allocator-size-gi-baking-worker=262144"
    "memorysetup-temp-allocator-size-gfx=262144"
Player connection [18964]  Target information:

Player connection [18964]  * "[IP] 192.168.1.10 [Port] 0 [Flags] 2 [Guid] 3217531181 [EditorId] 3217531181 [Version] 1048832 [Id] WindowsEditor(7,ACER) [Debug] 1 [PackageName] WindowsEditor [ProjectName] Editor" 

Player connection [18964]  * "[IP] 10.5.0.2 [Port] 0 [Flags] 2 [Guid] 3217531181 [EditorId] 3217531181 [Version] 1048832 [Id] WindowsEditor(7,ACER) [Debug] 1 [PackageName] WindowsEditor [ProjectName] Editor" 

Player connection [18964] Host joined multi-casting on [225.0.0.222:54997]...
Player connection [18964] Host joined alternative multi-casting on [225.0.0.222:34997]...
JobSystem: Creating JobQueue using job-worker-count value 1
Input System module state changed to: Initialized.
[Physics::Module] Initialized fallback backend.
[Physics::Module] Id: 0xdecafbad
Library Redirect Path: Library/
[Physics::Module] Selected backend.
[Physics::Module] Name: PhysX
[Physics::Module] Id: 0xf2b8ea05
[Physics::Module] SDK Version: 4.1.2
[Physics::Module] Integration Version: 1.0.0
[Physics::Module] Threading Mode: Multi-Threaded
Refreshing native plugins compatible for Editor in 374.15 ms, found 3 plugins.
Preloading 0 native plugins for Editor in 0.00 ms.
Initialize engine version: 6000.1.1f1 (7197418f847b)
[Subsystems] Discovering subsystems at path C:/Program Files/Unity/Hub/Editor/6000.1.1f1/Editor/Data/Resources/UnitySubsystems
[Subsystems] Discovering subsystems at path C:/Users/ACER/Documents/UnityProjects/campus-game/CampusGame/Assets
GfxDevice: creating device client; kGfxThreadingModeNonThreaded
Direct3D:
    Version:         Direct3D 12 [level 12.1]
    Renderer:        Intel(R) UHD Graphics 620 (ID=0x5917)
    Vendor:          Intel
    VRAM:            4033 MB
    App VRAM Budget: 3630 MB
    Driver:          31.0.101.2115
    Unified Memory Architecture
    Cache Coherent UMA
Initialize mono
Mono path[0] = 'C:/Program Files/Unity/Hub/Editor/6000.1.1f1/Editor/Data/Managed'
Mono path[1] = 'C:/Program Files/Unity/Hub/Editor/6000.1.1f1/Editor/Data/MonoBleedingEdge/lib/mono/unityjit-win32'
Mono config path = 'C:/Program Files/Unity/Hub/Editor/6000.1.1f1/Editor/Data/MonoBleedingEdge/etc'
Using monoOptions --debugger-agent=transport=dt_socket,embedding=1,server=y,suspend=n,address=127.0.0.1:56572
Begin MonoManager ReloadAssembly
Registering precompiled unity dll's ...
Register platform support module: C:/Program Files/Unity/Hub/Editor/6000.1.1f1/Editor/Data/PlaybackEngines/WebGLSupport/UnityEditor.WebGL.Extensions.dll
Register platform support module: C:/Program Files/Unity/Hub/Editor/6000.1.1f1/Editor/Data/PlaybackEngines/WindowsStandaloneSupport/UnityEditor.WindowsStandalone.Extensions.dll
Registered in 0.743009 seconds.
- Loaded All Assemblies, in 28.515 seconds
Native extension for WindowsStandalone target not found
Native extension for WebGL target not found
Mono: successfully reloaded assembly
- Finished resetting the current domain, in  1.353 seconds
Domain Reload Profiling: 29869ms
	BeginReloadAssembly (23457ms)
		ExecutionOrderSort (0ms)
		DisableScriptedObjects (0ms)
		BackupInstance (0ms)
		ReleaseScriptingObjects (0ms)
		CreateAndSetChildDomain (8ms)
	RebuildCommonClasses (813ms)
	RebuildNativeTypeToScriptingClass (18ms)
	initialDomainReloadingComplete (838ms)
	LoadAllAssembliesAndSetupDomain (3385ms)
		LoadAssemblies (23448ms)
		RebuildTransferFunctionScriptingTraits (0ms)
		AnalyzeDomain (3370ms)
			TypeCache.Refresh (3361ms)
				TypeCache.ScanAssembly (2236ms)
			BuildScriptInfoCaches (1ms)
			ResolveRequiredComponents (3ms)
	FinalizeReload (1357ms)
		ReleaseScriptCaches (0ms)
		RebuildScriptCaches (0ms)
		SetupLoadedEditorAssemblies (1215ms)
			LogAssemblyErrors (0ms)
			InitializePlatformSupportModulesInManaged (217ms)
			SetLoadedEditorAssemblies (13ms)
			BeforeProcessingInitializeOnLoad (258ms)
			ProcessInitializeOnLoadAttributes (493ms)
			ProcessInitializeOnLoadMethodAttributes (233ms)
			AfterProcessingInitializeOnLoad (0ms)
			EditorAssembliesLoaded (0ms)
		ExecutionOrderSort2 (0ms)
		AwakeInstancesAfterBackupRestoration (0ms)
========================================================================
Worker process is ready to serve import requests
Import Worker Mode flag is 0x00
Begin MonoManager ReloadAssembly
- Loaded All Assemblies, in 24.624 seconds
Refreshing native plugins compatible for Editor in 13.40 ms, found 3 plugins.
Native extension for WindowsStandalone target not found
Native extension for WebGL target not found
Mono: successfully reloaded assembly
- Finished resetting the current domain, in  2.927 seconds
Domain Reload Profiling: 27525ms
	BeginReloadAssembly (669ms)
		ExecutionOrderSort (0ms)
		DisableScriptedObjects (39ms)
		BackupInstance (0ms)
		ReleaseScriptingObjects (0ms)
		CreateAndSetChildDomain (92ms)
	RebuildCommonClasses (208ms)
	RebuildNativeTypeToScriptingClass (59ms)
	initialDomainReloadingComplete (117ms)
	LoadAllAssembliesAndSetupDomain (23544ms)
		LoadAssemblies (20632ms)
		RebuildTransferFunctionScriptingTraits (0ms)
		AnalyzeDomain (3298ms)
			TypeCache.Refresh (3154ms)
				TypeCache.ScanAssembly (2912ms)
			BuildScriptInfoCaches (121ms)
			ResolveRequiredComponents (16ms)
	FinalizeReload (2928ms)
		ReleaseScriptCaches (0ms)
		RebuildScriptCaches (0ms)
		SetupLoadedEditorAssemblies (2370ms)
			LogAssemblyErrors (0ms)
			InitializePlatformSupportModulesInManaged (11ms)
			SetLoadedEditorAssemblies (10ms)
			BeforeProcessingInitializeOnLoad (600ms)
			ProcessInitializeOnLoadAttributes (1622ms)
			ProcessInitializeOnLoadMethodAttributes (104ms)
			AfterProcessingInitializeOnLoad (21ms)
			EditorAssembliesLoaded (1ms)
		ExecutionOrderSort2 (0ms)
		AwakeInstancesAfterBackupRestoration (23ms)
Launched and connected shader compiler UnityShaderCompiler.exe after 0.19 seconds
Refreshing native plugins compatible for Editor in 4.68 ms, found 3 plugins.
Preloading 0 native plugins for Editor in 0.00 ms.
Unloading 8 Unused Serialized files (Serialized files now loaded: 0)
Unloading 3720 unused Assets / (1.5 MB). Loaded Objects now: 4226.
Memory consumption went from 92.2 MB to 90.7 MB.
Total: 22.716700 ms (FindLiveObjects: 0.677700 ms CreateObjectMapping: 2.156200 ms MarkObjects: 15.576500 ms  DeleteObjects: 4.299800 ms)

========================================================================
Received Import Request.
  Time since last request: 5205.575093 seconds.
  path: Assets/Models/Untitled.fbx
  artifactKey: Guid(3d3e5a267609a8d4a99153057c28310a) Importer(815301076,1909f56bfc062723c751e8b465ee728b)
Start importing Assets/Models/Untitled.fbx using Guid(3d3e5a267609a8d4a99153057c28310a) Importer(815301076,1909f56bfc062723c751e8b465ee728b) (PreviewImporter) -> (artifact id: '21e9bdfec18be36cd28b0d27e0152000') in 1.0821569 seconds
Number of updated asset objects reloaded before import = 0Number of asset objects unloaded after import = 55

========================================================================
Received Import Request.
  Time since last request: 601.558325 seconds.
  path: Assets/Models/BuildingA.fbx
  artifactKey: Guid(5dbbeda6ca7beeb4f95f6d79c212b584) Importer(815301076,1909f56bfc062723c751e8b465ee728b)
Start importing Assets/Models/BuildingA.fbx using Guid(5dbbeda6ca7beeb4f95f6d79c212b584) Importer(815301076,1909f56bfc062723c751e8b465ee728b) (PreviewImporter) -> (artifact id: 'ce5b2913a6b693997bc9a8f35d618e14') in 0.5389462 seconds
Number of updated asset objects reloaded before import = 0Number of asset objects unloaded after import = 55

========================================================================
Received Import Request.
  Time since last request: 189.103158 seconds.
  path: Assets/Models/BuildingArescaled.fbx
  artifactKey: Guid(cdb8c605df5641d4a89a850fb2ac09a1) Importer(815301076,1909f56bfc062723c751e8b465ee728b)
Start importing Assets/Models/BuildingArescaled.fbx using Guid(cdb8c605df5641d4a89a850fb2ac09a1) Importer(815301076,1909f56bfc062723c751e8b465ee728b) (PreviewImporter) -> (artifact id: '3a5f28b4bc4762b91fa3d27bddf8c218') in 0.4191584 seconds
Number of updated asset objects reloaded before import = 0Number of asset objects unloaded after import = 55

========================================================================
Received Import Request.
  Time since last request: 126.075810 seconds.
  path: Assets/Models/BuildingArescaled2.fbx
  artifactKey: Guid(55ebe2abf309d014c935bfe3285c88b9) Importer(815301076,1909f56bfc062723c751e8b465ee728b)
Start importing Assets/Models/BuildingArescaled2.fbx using Guid(55ebe2abf309d014c935bfe3285c88b9) Importer(815301076,1909f56bfc062723c751e8b465ee728b) (PreviewImporter) -> (artifact id: '8e76d3d15b8b56b795bea5668e819662') in 0.4187473 seconds
Number of updated asset objects reloaded before import = 0Number of asset objects unloaded after import = 55

========================================================================
Received Import Request.
  Time since last request: 53.738253 seconds.
  path: Assets/Texture/textures
  artifactKey: Guid(bfc2fa0bfd666564d995cbedc0580f6e) Importer(815301076,1909f56bfc062723c751e8b465ee728b)
Start importing Assets/Texture/textures using Guid(bfc2fa0bfd666564d995cbedc0580f6e) Importer(815301076,1909f56bfc062723c751e8b465ee728b) (PreviewImporter) -> (artifact id: '22307e9be93ed37d14d42af12d748bc4') in 0.003304 seconds
Number of updated asset objects reloaded before import = 0Number of asset objects unloaded after import = 0

========================================================================
Received Import Request.
  Time since last request: 0.062659 seconds.
  path: Assets/Texture/textures/JKT_MTP_61 albedo.jpeg
  artifactKey: Guid(9313547815bda6e4db0fdcc81b0901b3) Importer(815301076,1909f56bfc062723c751e8b465ee728b)
Start importing Assets/Texture/textures/JKT_MTP_61 albedo.jpeg using Guid(9313547815bda6e4db0fdcc81b0901b3) Importer(815301076,1909f56bfc062723c751e8b465ee728b) (PreviewImporter) -> (artifact id: '25a6ec372a1b9d8f1ecd9d18c22923d3') in 0.1805894 seconds
Number of updated asset objects reloaded before import = 0Number of asset objects unloaded after import = 2

========================================================================
Received Import Request.
  Time since last request: 0.000205 seconds.
  path: Assets/Texture/textures/JKT_MTP_61 roughness.jpeg
  artifactKey: Guid(f6e5ee056c81574489d026c6c6d9091f) Importer(815301076,1909f56bfc062723c751e8b465ee728b)
Start importing Assets/Texture/textures/JKT_MTP_61 roughness.jpeg using Guid(f6e5ee056c81574489d026c6c6d9091f) Importer(815301076,1909f56bfc062723c751e8b465ee728b) (PreviewImporter) -> (artifact id: '44abfd39565ed56001a843bffcab2d4b') in 0.0594576 seconds
Number of updated asset objects reloaded before import = 0Number of asset objects unloaded after import = 2

========================================================================
Received Import Request.
  Time since last request: 0.000048 seconds.
  path: Assets/Texture/textures/JKT_MTP_61 metallic.jpeg
  artifactKey: Guid(b8df06bf0692fe642898039105a04b78) Importer(815301076,1909f56bfc062723c751e8b465ee728b)
Start importing Assets/Texture/textures/JKT_MTP_61 metallic.jpeg using Guid(b8df06bf0692fe642898039105a04b78) Importer(815301076,1909f56bfc062723c751e8b465ee728b) (PreviewImporter) -> (artifact id: 'df843a841234105420e7ded2892f3854') in 0.1013931 seconds
Number of updated asset objects reloaded before import = 0Number of asset objects unloaded after import = 2

========================================================================
Received Import Request.
  Time since last request: 27.282783 seconds.
  path: Assets/Materials/Grassforsebuono.mat
  artifactKey: Guid(15aba6b34ef9800468a19319d5267dd3) Importer(815301076,1909f56bfc062723c751e8b465ee728b)
Start importing Assets/Materials/Grassforsebuono.mat using Guid(15aba6b34ef9800468a19319d5267dd3) Importer(815301076,1909f56bfc062723c751e8b465ee728b) (PreviewImporter) -> (artifact id: '35d0c4f039fc0117e5113b9c6e27ed0c') in 0.0779774 seconds
Number of updated asset objects reloaded before import = 0Number of asset objects unloaded after import = 2

========================================================================
Received Import Request.
  Time since last request: 0.000230 seconds.
  path: Assets/Materials/GrounMat.mat
  artifactKey: Guid(96a9662e694968d47b5a73572f584943) Importer(815301076,1909f56bfc062723c751e8b465ee728b)
Start importing Assets/Materials/GrounMat.mat using Guid(96a9662e694968d47b5a73572f584943) Importer(815301076,1909f56bfc062723c751e8b465ee728b) (PreviewImporter) -> (artifact id: '0927c0f37e1a9951728f42426adf3810') in 0.0619606 seconds
Number of updated asset objects reloaded before import = 0Number of asset objects unloaded after import = 2

========================================================================
Received Import Request.
  Time since last request: 10.979778 seconds.
  path: Assets/Materials/BuildingMat.mat
  artifactKey: Guid(2b5fe670455decd42ad3c7082ce6f2e3) Importer(815301076,1909f56bfc062723c751e8b465ee728b)
Start importing Assets/Materials/BuildingMat.mat using Guid(2b5fe670455decd42ad3c7082ce6f2e3) Importer(815301076,1909f56bfc062723c751e8b465ee728b) (PreviewImporter) -> (artifact id: 'b8831bf014de745aac349078d24dea7a') in 0.0622241 seconds
Number of updated asset objects reloaded before import = 0Number of asset objects unloaded after import = 1

========================================================================
Received Import Request.
  Time since last request: 64.724287 seconds.
  path: Assets/Texture/JKT_MTP_61 albedo.jpeg
  artifactKey: Guid(9afd4f394e4eb4a45a935d724cab00c5) Importer(815301076,1909f56bfc062723c751e8b465ee728b)
Start importing Assets/Texture/JKT_MTP_61 albedo.jpeg using Guid(9afd4f394e4eb4a45a935d724cab00c5) Importer(815301076,1909f56bfc062723c751e8b465ee728b) (PreviewImporter) -> (artifact id: '1699d73f6de3147ed1fa0ae920d6d53a') in 0.0756266 seconds
Number of updated asset objects reloaded before import = 0Number of asset objects unloaded after import = 2

========================================================================
Received Import Request.
  Time since last request: 0.000036 seconds.
  path: Assets/Texture/JKT_MTP_61 roughness.jpeg
  artifactKey: Guid(c8b090fe9a0fb50419d5d3ff1928549d) Importer(815301076,1909f56bfc062723c751e8b465ee728b)
Start importing Assets/Texture/JKT_MTP_61 roughness.jpeg using Guid(c8b090fe9a0fb50419d5d3ff1928549d) Importer(815301076,1909f56bfc062723c751e8b465ee728b) (PreviewImporter) -> (artifact id: 'e95bff13bd8b6b420c5c32f4c333e2ab') in 0.0347558 seconds
Number of updated asset objects reloaded before import = 0Number of asset objects unloaded after import = 2

========================================================================
Received Import Request.
  Time since last request: 0.000049 seconds.
  path: Assets/Texture/JKT_MTP_61 metallic.jpeg
  artifactKey: Guid(4288a06c2b6743742a78042c709c02d9) Importer(815301076,1909f56bfc062723c751e8b465ee728b)
Start importing Assets/Texture/JKT_MTP_61 metallic.jpeg using Guid(4288a06c2b6743742a78042c709c02d9) Importer(815301076,1909f56bfc062723c751e8b465ee728b) (PreviewImporter) -> (artifact id: '3539405f5b8edb44aff48bb961f76a5a') in 0.0249354 seconds
Number of updated asset objects reloaded before import = 0Number of asset objects unloaded after import = 2

========================================================================
Received Import Request.
  Time since last request: 610.348865 seconds.
  path: Assets/Texture/Materials/artificial-green-grass.mat
  artifactKey: Guid(9e12535a975016b4b9def448943f9fae) Importer(815301076,1909f56bfc062723c751e8b465ee728b)
Start importing Assets/Texture/Materials/artificial-green-grass.mat using Guid(9e12535a975016b4b9def448943f9fae) Importer(815301076,1909f56bfc062723c751e8b465ee728b) (PreviewImporter) -> (artifact id: '7f5ee8ec4302a5c20c256754e85fd34e') in 0.0532981 seconds
Number of updated asset objects reloaded before import = 0Number of asset objects unloaded after import = 2

========================================================================
Received Import Request.
  Time since last request: 0.000082 seconds.
  path: Assets/Texture/Materials/grassforsebuono.mat
  artifactKey: Guid(baa1b625360f90041a2ca4bcfb025f52) Importer(815301076,1909f56bfc062723c751e8b465ee728b)
Start importing Assets/Texture/Materials/grassforsebuono.mat using Guid(baa1b625360f90041a2ca4bcfb025f52) Importer(815301076,1909f56bfc062723c751e8b465ee728b) (PreviewImporter) -> (artifact id: '7c9e24c1d3390744526997e896135b2b') in 0.0716495 seconds
Number of updated asset objects reloaded before import = 0Number of asset objects unloaded after import = 2

========================================================================
Received Import Request.
  Time since last request: 0.000029 seconds.
  path: Assets/Texture/Materials/grasssss.mat
  artifactKey: Guid(b087bf8884ef52d4b82b92c33e2a71b8) Importer(815301076,1909f56bfc062723c751e8b465ee728b)
Start importing Assets/Texture/Materials/grasssss.mat using Guid(b087bf8884ef52d4b82b92c33e2a71b8) Importer(815301076,1909f56bfc062723c751e8b465ee728b) (PreviewImporter) -> (artifact id: 'e74039fe3303c5ac22f76960c1ab83e2') in 0.025593 seconds
Number of updated asset objects reloaded before import = 0Number of asset objects unloaded after import = 2

========================================================================
Received Prepare
Begin MonoManager ReloadAssembly
- Loaded All Assemblies, in  3.545 seconds
Refreshing native plugins compatible for Editor in 2.52 ms, found 3 plugins.
Native extension for WindowsStandalone target not found
Native extension for WebGL target not found
Mono: successfully reloaded assembly
- Finished resetting the current domain, in  2.606 seconds
Domain Reload Profiling: 6165ms
	BeginReloadAssembly (932ms)
		ExecutionOrderSort (0ms)
		DisableScriptedObjects (85ms)
		BackupInstance (0ms)
		ReleaseScriptingObjects (1ms)
		CreateAndSetChildDomain (239ms)
	RebuildCommonClasses (82ms)
	RebuildNativeTypeToScriptingClass (50ms)
	initialDomainReloadingComplete (56ms)
	LoadAllAssembliesAndSetupDomain (2437ms)
		LoadAssemblies (1860ms)
		RebuildTransferFunctionScriptingTraits (0ms)
		AnalyzeDomain (895ms)
			TypeCache.Refresh (47ms)
				TypeCache.ScanAssembly (0ms)
			BuildScriptInfoCaches (804ms)
			ResolveRequiredComponents (26ms)
	FinalizeReload (2607ms)
		ReleaseScriptCaches (0ms)
		RebuildScriptCaches (0ms)
		SetupLoadedEditorAssemblies (2050ms)
			LogAssemblyErrors (0ms)
			InitializePlatformSupportModulesInManaged (10ms)
			SetLoadedEditorAssemblies (21ms)
			BeforeProcessingInitializeOnLoad (597ms)
			ProcessInitializeOnLoadAttributes (1294ms)
			ProcessInitializeOnLoadMethodAttributes (106ms)
			AfterProcessingInitializeOnLoad (22ms)
			EditorAssembliesLoaded (0ms)
		ExecutionOrderSort2 (0ms)
		AwakeInstancesAfterBackupRestoration (25ms)
Refreshing native plugins compatible for Editor in 10.87 ms, found 3 plugins.
Preloading 0 native plugins for Editor in 0.00 ms.
Unloading 1 Unused Serialized files (Serialized files now loaded: 0)
Unloading 3718 unused Assets / (1.4 MB). Loaded Objects now: 4275.
Memory consumption went from 97.0 MB to 95.6 MB.
Total: 26.716700 ms (FindLiveObjects: 0.814300 ms CreateObjectMapping: 1.220900 ms MarkObjects: 15.348800 ms  DeleteObjects: 9.330100 ms)

Prepare: number of updated asset objects reloaded= 0
========================================================================
Received Import Request.
  Time since last request: 433.423811 seconds.
  path: Assets/Models/BuildingAScaleddd.fbx
  artifactKey: Guid(5f020918bebff8241af34238e69e1fb5) Importer(815301076,1909f56bfc062723c751e8b465ee728b)
Start importing Assets/Models/BuildingAScaleddd.fbx using Guid(5f020918bebff8241af34238e69e1fb5) Importer(815301076,1909f56bfc062723c751e8b465ee728b) (PreviewImporter) -> (artifact id: '634f99ffb9ef2e0e4477df429b9e3c24') in 3.5633823 seconds
Number of updated asset objects reloaded before import = 0Number of asset objects unloaded after import = 61

========================================================================
Received Import Request.
  Time since last request: 897.259105 seconds.
  path: Assets/New Terrain.asset
  artifactKey: Guid(eeb478829caa27f4ea36aa03da80e9f3) Importer(815301076,1909f56bfc062723c751e8b465ee728b)
Start importing Assets/New Terrain.asset using Guid(eeb478829caa27f4ea36aa03da80e9f3) Importer(815301076,1909f56bfc062723c751e8b465ee728b) (PreviewImporter) -> (artifact id: '4545c69944c71f4a99e4e389aec38784') in 0.2972097 seconds
Number of updated asset objects reloaded before import = 0Number of asset objects unloaded after import = 2

========================================================================
Received Import Request.
  Time since last request: 0.000426 seconds.
  path: Assets/New Terrain 1.asset
  artifactKey: Guid(644ae3cd5c6176545a31466879280d30) Importer(815301076,1909f56bfc062723c751e8b465ee728b)
Start importing Assets/New Terrain 1.asset using Guid(644ae3cd5c6176545a31466879280d30) Importer(815301076,1909f56bfc062723c751e8b465ee728b) (PreviewImporter) -> (artifact id: '358dcbd69cbc913354dedc2e30ad8ada') in 0.0292225 seconds
Number of updated asset objects reloaded before import = 0Number of asset objects unloaded after import = 1

========================================================================
Received Prepare
Begin MonoManager ReloadAssembly
- Loaded All Assemblies, in  5.056 seconds
Refreshing native plugins compatible for Editor in 7.99 ms, found 3 plugins.
Native extension for WindowsStandalone target not found
Native extension for WebGL target not found
Mono: successfully reloaded assembly
- Finished resetting the current domain, in  3.293 seconds
Domain Reload Profiling: 8361ms
	BeginReloadAssembly (915ms)
		ExecutionOrderSort (0ms)
		DisableScriptedObjects (38ms)
		BackupInstance (0ms)
		ReleaseScriptingObjects (1ms)
		CreateAndSetChildDomain (316ms)
	RebuildCommonClasses (217ms)
	RebuildNativeTypeToScriptingClass (97ms)
	initialDomainReloadingComplete (176ms)
	LoadAllAssembliesAndSetupDomain (3659ms)
		LoadAssemblies (2821ms)
		RebuildTransferFunctionScriptingTraits (0ms)
		AnalyzeDomain (1178ms)
			TypeCache.Refresh (36ms)
				TypeCache.ScanAssembly (0ms)
			BuildScriptInfoCaches (1065ms)
			ResolveRequiredComponents (48ms)
	FinalizeReload (3297ms)
		ReleaseScriptCaches (0ms)
		RebuildScriptCaches (0ms)
		SetupLoadedEditorAssemblies (2566ms)
			LogAssemblyErrors (0ms)
			InitializePlatformSupportModulesInManaged (24ms)
			SetLoadedEditorAssemblies (33ms)
			BeforeProcessingInitializeOnLoad (581ms)
			ProcessInitializeOnLoadAttributes (1762ms)
			ProcessInitializeOnLoadMethodAttributes (130ms)
			AfterProcessingInitializeOnLoad (36ms)
			EditorAssembliesLoaded (1ms)
		ExecutionOrderSort2 (0ms)
		AwakeInstancesAfterBackupRestoration (41ms)
Refreshing native plugins compatible for Editor in 3.89 ms, found 3 plugins.
Preloading 0 native plugins for Editor in 0.00 ms.
Unloading 0 Unused Serialized files (Serialized files now loaded: 0)
Unloading 3718 unused Assets / (1.3 MB). Loaded Objects now: 4275.
Memory consumption went from 96.9 MB to 95.7 MB.
Total: 22.185000 ms (FindLiveObjects: 0.580200 ms CreateObjectMapping: 0.905200 ms MarkObjects: 17.989100 ms  DeleteObjects: 2.707900 ms)

Prepare: number of updated asset objects reloaded= 0
========================================================================
Received Prepare
Begin MonoManager ReloadAssembly
- Loaded All Assemblies, in  1.135 seconds
Refreshing native plugins compatible for Editor in 2.48 ms, found 3 plugins.
Native extension for WindowsStandalone target not found
Native extension for WebGL target not found
Mono: successfully reloaded assembly
- Finished resetting the current domain, in  1.955 seconds
Domain Reload Profiling: 3089ms
	BeginReloadAssembly (298ms)
		ExecutionOrderSort (0ms)
		DisableScriptedObjects (9ms)
		BackupInstance (0ms)
		ReleaseScriptingObjects (0ms)
		CreateAndSetChildDomain (74ms)
	RebuildCommonClasses (61ms)
	RebuildNativeTypeToScriptingClass (27ms)
	initialDomainReloadingComplete (45ms)
	LoadAllAssembliesAndSetupDomain (703ms)
		LoadAssemblies (593ms)
		RebuildTransferFunctionScriptingTraits (0ms)
		AnalyzeDomain (275ms)
			TypeCache.Refresh (7ms)
				TypeCache.ScanAssembly (0ms)
			BuildScriptInfoCaches (256ms)
			ResolveRequiredComponents (7ms)
	FinalizeReload (1956ms)
		ReleaseScriptCaches (0ms)
		RebuildScriptCaches (0ms)
		SetupLoadedEditorAssemblies (1545ms)
			LogAssemblyErrors (0ms)
			InitializePlatformSupportModulesInManaged (8ms)
			SetLoadedEditorAssemblies (9ms)
			BeforeProcessingInitializeOnLoad (370ms)
			ProcessInitializeOnLoadAttributes (1055ms)
			ProcessInitializeOnLoadMethodAttributes (81ms)
			AfterProcessingInitializeOnLoad (21ms)
			EditorAssembliesLoaded (1ms)
		ExecutionOrderSort2 (0ms)
		AwakeInstancesAfterBackupRestoration (14ms)
Refreshing native plugins compatible for Editor in 2.23 ms, found 3 plugins.
Preloading 0 native plugins for Editor in 0.00 ms.
Unloading 0 Unused Serialized files (Serialized files now loaded: 0)
Unloading 3718 unused Assets / (1.3 MB). Loaded Objects now: 4275.
Memory consumption went from 97.3 MB to 96.1 MB.
Total: 23.591700 ms (FindLiveObjects: 0.881200 ms CreateObjectMapping: 1.101200 ms MarkObjects: 18.417400 ms  DeleteObjects: 3.189800 ms)

Prepare: number of updated asset objects reloaded= 0
========================================================================
Received Prepare
Begin MonoManager ReloadAssembly
- Loaded All Assemblies, in  1.066 seconds
Refreshing native plugins compatible for Editor in 5.94 ms, found 3 plugins.
Native extension for WindowsStandalone target not found
Native extension for WebGL target not found
Mono: successfully reloaded assembly
- Finished resetting the current domain, in  2.564 seconds
Domain Reload Profiling: 3633ms
	BeginReloadAssembly (286ms)
		ExecutionOrderSort (0ms)
		DisableScriptedObjects (9ms)
		BackupInstance (0ms)
		ReleaseScriptingObjects (0ms)
		CreateAndSetChildDomain (67ms)
	RebuildCommonClasses (75ms)
	RebuildNativeTypeToScriptingClass (23ms)
	initialDomainReloadingComplete (41ms)
	LoadAllAssembliesAndSetupDomain (643ms)
		LoadAssemblies (502ms)
		RebuildTransferFunctionScriptingTraits (0ms)
		AnalyzeDomain (293ms)
			TypeCache.Refresh (12ms)
				TypeCache.ScanAssembly (0ms)
			BuildScriptInfoCaches (249ms)
			ResolveRequiredComponents (18ms)
	FinalizeReload (2565ms)
		ReleaseScriptCaches (0ms)
		RebuildScriptCaches (0ms)
		SetupLoadedEditorAssemblies (2022ms)
			LogAssemblyErrors (0ms)
			InitializePlatformSupportModulesInManaged (9ms)
			SetLoadedEditorAssemblies (10ms)
			BeforeProcessingInitializeOnLoad (460ms)
			ProcessInitializeOnLoadAttributes (1404ms)
			ProcessInitializeOnLoadMethodAttributes (118ms)
			AfterProcessingInitializeOnLoad (22ms)
			EditorAssembliesLoaded (0ms)
		ExecutionOrderSort2 (0ms)
		AwakeInstancesAfterBackupRestoration (31ms)
Refreshing native plugins compatible for Editor in 5.02 ms, found 3 plugins.
Preloading 0 native plugins for Editor in 0.00 ms.
Unloading 0 Unused Serialized files (Serialized files now loaded: 0)
Unloading 3718 unused Assets / (1.4 MB). Loaded Objects now: 4275.
Memory consumption went from 97.7 MB to 96.3 MB.
Total: 19.195900 ms (FindLiveObjects: 0.765300 ms CreateObjectMapping: 2.230900 ms MarkObjects: 12.932900 ms  DeleteObjects: 3.263900 ms)

Prepare: number of updated asset objects reloaded= 0
